Started GET "/" for ::1 at 2020-06-28 22:06:04 +0530
  [1m[35m (2.6ms)[0m  [1m[34mSELECT sqlite_version(*)[0m
Processing by ProjectsController#index as HTML
  Rendering projects/index.html.erb within layouts/application
  Rendered projects/index.html.erb within layouts/application (Duration: 2.0ms | Allocations: 367)
[Webpacker] Compiling...
[Webpacker] Compiled all packs in /Users/praveen_arul/workspace/test_project/public/packs
[Webpacker] Hash: 15d1bb7b54cf6326b9ba
Version: webpack 4.43.0
Time: 2183ms
Built at: 06/28/2020 10:06:08 PM
                                     Asset       Size       Chunks                         Chunk Names
    js/application-9afcbb5693aa87623e69.js    124 KiB  application  [emitted] [immutable]  application
js/application-9afcbb5693aa87623e69.js.map    139 KiB  application  [emitted] [dev]        application
                             manifest.json  364 bytes               [emitted]              
Entrypoint application = js/application-9afcbb5693aa87623e69.js js/application-9afcbb5693aa87623e69.js.map
[./app/javascript/channels sync recursive _channel\.js$] ./app/javascript/channels sync _channel\.js$ 160 bytes {application} [built]
[./app/javascript/channels/index.js] 211 bytes {application} [built]
[./app/javascript/packs/application.js] 749 bytes {application} [built]
[./node_modules/webpack/buildin/module.js] (webpack)/buildin/module.js 552 bytes {application} [built]
    + 3 hidden modules

Completed 200 OK in 4729ms (Views: 4719.8ms | ActiveRecord: 0.0ms | Allocations: 20462)


  [1m[35m (1.1ms)[0m  [1m[34mSELECT sqlite_version(*)[0m
  [1m[35m (1.1ms)[0m  [1m[34mSELECT sqlite_version(*)[0m
  [1m[35m (1.6ms)[0m  [1m[35mCREATE TABLE "schema_migrations" ("version" varchar NOT NULL PRIMARY KEY)[0m
  [1m[35m (1.5ms)[0m  [1m[35mCREATE TABLE "ar_internal_metadata" ("key" varchar NOT NULL PRIMARY KEY, "value" varchar, "created_at" datetime(6) NOT NULL, "updated_at" datetime(6) NOT NULL)[0m
  [1m[35m (0.2ms)[0m  [1m[34mSELECT "schema_migrations"."version" FROM "schema_migrations" ORDER BY "schema_migrations"."version" ASC[0m
Migrating to CreateUsers (20200628163835)
  [1m[35m (0.1ms)[0m  [1m[36mbegin transaction[0m
  [1m[35m (0.9ms)[0m  [1m[35mCREATE TABLE "users" ("id" integer PRIMARY KEY AUTOINCREMENT NOT NULL, "created_at" datetime(6) NOT NULL, "updated_at" datetime(6) NOT NULL, "email" varchar NOT NULL, "encrypted_password" varchar(128) NOT NULL, "confirmation_token" varchar(128), "remember_token" varchar(128) NOT NULL)[0m
  [1m[35m (0.1ms)[0m  [1m[35mCREATE  INDEX "index_users_on_email" ON "users" ("email")[0m
  [1m[35m (0.1ms)[0m  [1m[35mCREATE  INDEX "index_users_on_remember_token" ON "users" ("remember_token")[0m
  [1m[36mprimary::SchemaMigration Create (0.2ms)[0m  [1m[32mINSERT INTO "schema_migrations" ("version") VALUES (?)[0m  [["version", "20200628163835"]]
  [1m[35m (1.1ms)[0m  [1m[36mcommit transaction[0m
  [1m[36mActiveRecord::InternalMetadata Load (0.1ms)[0m  [1m[34mSELECT "ar_internal_metadata".* FROM "ar_internal_metadata" WHERE "ar_internal_metadata"."key" = ? LIMIT ?[0m  [["key", "environment"], ["LIMIT", 1]]
  [1m[35m (0.1ms)[0m  [1m[36mbegin transaction[0m
  [1m[36mActiveRecord::InternalMetadata Create (0.4ms)[0m  [1m[32mINSERT INTO "ar_internal_metadata" ("key", "value", "created_at", "updated_at") VALUES (?, ?, ?, ?)[0m  [["key", "environment"], ["value", "development"], ["created_at", "2020-06-28 16:40:22.031877"], ["updated_at", "2020-06-28 16:40:22.031877"]]
  [1m[35m (0.9ms)[0m  [1m[36mcommit transaction[0m
  [1m[35m (0.0ms)[0m  [1m[34mSELECT sqlite_version(*)[0m
  [1m[35m (0.1ms)[0m  [1m[34mSELECT "schema_migrations"."version" FROM "schema_migrations" ORDER BY "schema_migrations"."version" ASC[0m
Started GET "/" for ::1 at 2020-06-28 22:10:50 +0530
  [1m[35m (0.7ms)[0m  [1m[34mSELECT sqlite_version(*)[0m
  [1m[35m (0.4ms)[0m  [1m[34mSELECT "schema_migrations"."version" FROM "schema_migrations" ORDER BY "schema_migrations"."version" ASC[0m
Processing by ProjectsController#index as HTML
  Rendering projects/index.html.erb within layouts/application
  Rendered projects/index.html.erb within layouts/application (Duration: 1.3ms | Allocations: 202)
[Webpacker] Everything's up-to-date. Nothing to do
Completed 200 OK in 29ms (Views: 22.3ms | ActiveRecord: 0.0ms | Allocations: 8186)


Started GET "/projects" for ::1 at 2020-06-28 22:16:47 +0530
  [1m[35m (0.1ms)[0m  [1m[34mSELECT sqlite_version(*)[0m
  
ActionController::RoutingError (No route matches [GET] "/projects"):
  
actionpack (6.0.3.2) lib/action_dispatch/middleware/debug_exceptions.rb:36:in `call'
web-console (4.0.3) lib/web_console/middleware.rb:132:in `call_app'
web-console (4.0.3) lib/web_console/middleware.rb:28:in `block in call'
web-console (4.0.3) lib/web_console/middleware.rb:17:in `catch'
web-console (4.0.3) lib/web_console/middleware.rb:17:in `call'
actionpack (6.0.3.2) lib/action_dispatch/middleware/show_exceptions.rb:33:in `call'
railties (6.0.3.2) lib/rails/rack/logger.rb:37:in `call_app'
railties (6.0.3.2) lib/rails/rack/logger.rb:26:in `block in call'
activesupport (6.0.3.2) lib/active_support/tagged_logging.rb:80:in `block in tagged'
activesupport (6.0.3.2) lib/active_support/tagged_logging.rb:28:in `tagged'
activesupport (6.0.3.2) lib/active_support/tagged_logging.rb:80:in `tagged'
railties (6.0.3.2) lib/rails/rack/logger.rb:26:in `call'
sprockets-rails (3.2.1) lib/sprockets/rails/quiet_assets.rb:13:in `call'
actionpack (6.0.3.2) lib/action_dispatch/middleware/remote_ip.rb:81:in `call'
actionpack (6.0.3.2) lib/action_dispatch/middleware/request_id.rb:27:in `call'
rack (2.2.3) lib/rack/method_override.rb:24:in `call'
rack (2.2.3) lib/rack/runtime.rb:22:in `call'
activesupport (6.0.3.2) lib/active_support/cache/strategy/local_cache_middleware.rb:29:in `call'
actionpack (6.0.3.2) lib/action_dispatch/middleware/executor.rb:14:in `call'
actionpack (6.0.3.2) lib/action_dispatch/middleware/static.rb:126:in `call'
rack (2.2.3) lib/rack/sendfile.rb:110:in `call'
actionpack (6.0.3.2) lib/action_dispatch/middleware/host_authorization.rb:82:in `call'
webpacker (4.2.2) lib/webpacker/dev_server_proxy.rb:23:in `perform_request'
rack-proxy (0.6.5) lib/rack/proxy.rb:57:in `call'
railties (6.0.3.2) lib/rails/engine.rb:527:in `call'
puma (4.3.5) lib/puma/configuration.rb:228:in `call'
puma (4.3.5) lib/puma/server.rb:713:in `handle_request'
puma (4.3.5) lib/puma/server.rb:472:in `process_client'
puma (4.3.5) lib/puma/server.rb:328:in `block in run'
puma (4.3.5) lib/puma/thread_pool.rb:134:in `block in spawn_thread'
Started GET "/project" for ::1 at 2020-06-28 22:16:50 +0530
  
ActionController::RoutingError (No route matches [GET] "/project"):
  
actionpack (6.0.3.2) lib/action_dispatch/middleware/debug_exceptions.rb:36:in `call'
web-console (4.0.3) lib/web_console/middleware.rb:132:in `call_app'
web-console (4.0.3) lib/web_console/middleware.rb:28:in `block in call'
web-console (4.0.3) lib/web_console/middleware.rb:17:in `catch'
web-console (4.0.3) lib/web_console/middleware.rb:17:in `call'
actionpack (6.0.3.2) lib/action_dispatch/middleware/show_exceptions.rb:33:in `call'
railties (6.0.3.2) lib/rails/rack/logger.rb:37:in `call_app'
railties (6.0.3.2) lib/rails/rack/logger.rb:26:in `block in call'
activesupport (6.0.3.2) lib/active_support/tagged_logging.rb:80:in `block in tagged'
activesupport (6.0.3.2) lib/active_support/tagged_logging.rb:28:in `tagged'
activesupport (6.0.3.2) lib/active_support/tagged_logging.rb:80:in `tagged'
railties (6.0.3.2) lib/rails/rack/logger.rb:26:in `call'
sprockets-rails (3.2.1) lib/sprockets/rails/quiet_assets.rb:13:in `call'
actionpack (6.0.3.2) lib/action_dispatch/middleware/remote_ip.rb:81:in `call'
actionpack (6.0.3.2) lib/action_dispatch/middleware/request_id.rb:27:in `call'
rack (2.2.3) lib/rack/method_override.rb:24:in `call'
rack (2.2.3) lib/rack/runtime.rb:22:in `call'
activesupport (6.0.3.2) lib/active_support/cache/strategy/local_cache_middleware.rb:29:in `call'
actionpack (6.0.3.2) lib/action_dispatch/middleware/executor.rb:14:in `call'
actionpack (6.0.3.2) lib/action_dispatch/middleware/static.rb:126:in `call'
rack (2.2.3) lib/rack/sendfile.rb:110:in `call'
actionpack (6.0.3.2) lib/action_dispatch/middleware/host_authorization.rb:82:in `call'
webpacker (4.2.2) lib/webpacker/dev_server_proxy.rb:23:in `perform_request'
rack-proxy (0.6.5) lib/rack/proxy.rb:57:in `call'
railties (6.0.3.2) lib/rails/engine.rb:527:in `call'
puma (4.3.5) lib/puma/configuration.rb:228:in `call'
puma (4.3.5) lib/puma/server.rb:713:in `handle_request'
puma (4.3.5) lib/puma/server.rb:472:in `process_client'
puma (4.3.5) lib/puma/server.rb:328:in `block in run'
puma (4.3.5) lib/puma/thread_pool.rb:134:in `block in spawn_thread'
Started GET "/" for ::1 at 2020-06-28 22:16:53 +0530
Processing by ProjectsController#index as HTML
Redirected to http://localhost:3000/sign_in
Filter chain halted as :require_login rendered or redirected
Completed 302 Found in 20ms (ActiveRecord: 0.0ms | Allocations: 4373)


Started GET "/sign_in" for ::1 at 2020-06-28 22:16:53 +0530
Processing by Clearance::SessionsController#new as HTML
  Rendering /Users/praveen_arul/.rvm/gems/ruby-2.6.5/gems/clearance-2.1.0/app/views/sessions/new.html.erb within layouts/application
  Rendered /Users/praveen_arul/.rvm/gems/ruby-2.6.5/gems/clearance-2.1.0/app/views/sessions/_form.html.erb (Duration: 7.3ms | Allocations: 1635)
  Rendered /Users/praveen_arul/.rvm/gems/ruby-2.6.5/gems/clearance-2.1.0/app/views/sessions/new.html.erb within layouts/application (Duration: 8.5ms | Allocations: 2098)
[Webpacker] Everything's up-to-date. Nothing to do
Completed 200 OK in 23ms (Views: 22.5ms | ActiveRecord: 0.0ms | Allocations: 7813)


Started GET "/sign_up" for ::1 at 2020-06-28 22:16:59 +0530
Processing by Clearance::UsersController#new as HTML
  Rendering /Users/praveen_arul/.rvm/gems/ruby-2.6.5/gems/clearance-2.1.0/app/views/users/new.html.erb within layouts/application
  Rendered /Users/praveen_arul/.rvm/gems/ruby-2.6.5/gems/clearance-2.1.0/app/views/users/_form.html.erb (Duration: 1.3ms | Allocations: 509)
  Rendered /Users/praveen_arul/.rvm/gems/ruby-2.6.5/gems/clearance-2.1.0/app/views/users/new.html.erb within layouts/application (Duration: 3.5ms | Allocations: 1433)
[Webpacker] Everything's up-to-date. Nothing to do
Completed 200 OK in 37ms (Views: 8.9ms | ActiveRecord: 0.5ms | Allocations: 13521)


Started GET "/" for ::1 at 2020-06-28 22:17:06 +0530
Processing by ProjectsController#index as HTML
Redirected to http://localhost:3000/sign_in
Filter chain halted as :require_login rendered or redirected
Completed 302 Found in 2ms (ActiveRecord: 0.0ms | Allocations: 465)


Started GET "/sign_in" for ::1 at 2020-06-28 22:17:06 +0530
Processing by Clearance::SessionsController#new as HTML
  Rendering /Users/praveen_arul/.rvm/gems/ruby-2.6.5/gems/clearance-2.1.0/app/views/sessions/new.html.erb within layouts/application
  Rendered /Users/praveen_arul/.rvm/gems/ruby-2.6.5/gems/clearance-2.1.0/app/views/sessions/_form.html.erb (Duration: 2.7ms | Allocations: 531)
  Rendered /Users/praveen_arul/.rvm/gems/ruby-2.6.5/gems/clearance-2.1.0/app/views/sessions/new.html.erb within layouts/application (Duration: 3.4ms | Allocations: 629)
[Webpacker] Everything's up-to-date. Nothing to do
Completed 200 OK in 13ms (Views: 12.2ms | ActiveRecord: 0.0ms | Allocations: 4616)


Started GET "/sign_up" for ::1 at 2020-06-28 22:17:09 +0530
Processing by Clearance::UsersController#new as HTML
  Rendering /Users/praveen_arul/.rvm/gems/ruby-2.6.5/gems/clearance-2.1.0/app/views/users/new.html.erb within layouts/application
  Rendered /Users/praveen_arul/.rvm/gems/ruby-2.6.5/gems/clearance-2.1.0/app/views/users/_form.html.erb (Duration: 0.4ms | Allocations: 304)
  Rendered /Users/praveen_arul/.rvm/gems/ruby-2.6.5/gems/clearance-2.1.0/app/views/users/new.html.erb within layouts/application (Duration: 1.3ms | Allocations: 728)
[Webpacker] Everything's up-to-date. Nothing to do
Completed 200 OK in 21ms (Views: 13.2ms | ActiveRecord: 0.0ms | Allocations: 4773)


Started POST "/users" for ::1 at 2020-06-28 22:17:12 +0530
Processing by Clearance::UsersController#create as HTML
  Parameters: {"authenticity_token"=>"[FILTERED]", "user"=>{"email"=>"admin@rallycorp.com", "password"=>"[FILTERED]"}, "commit"=>"Sign up"}
  [1m[35m (0.1ms)[0m  [1m[36mbegin transaction[0m
  [1m[36mUser Exists? (0.5ms)[0m  [1m[34mSELECT 1 AS one FROM "users" WHERE "users"."email" = ? LIMIT ?[0m  [["email", "admin@rallycorp.com"], ["LIMIT", 1]]
  [1m[36mUser Create (1.5ms)[0m  [1m[32mINSERT INTO "users" ("created_at", "updated_at", "email", "encrypted_password", "remember_token") VALUES (?, ?, ?, ?, ?)[0m  [["created_at", "2020-06-28 16:47:12.874232"], ["updated_at", "2020-06-28 16:47:12.874232"], ["email", "admin@rallycorp.com"], ["encrypted_password", "$2a$12$8yJxt36en7v9WfOuVKan5ulZnXcm7mdlm4Idc2zryMvDnj5hfwJLm"], ["remember_token", "288a18fbb139d5d05cee4ebee8afc39265755046"]]
  [1m[35m (1.2ms)[0m  [1m[36mcommit transaction[0m
Redirected to http://localhost:3000/
Completed 302 Found in 227ms (ActiveRecord: 3.3ms | Allocations: 6867)


Started GET "/" for ::1 at 2020-06-28 22:17:12 +0530
Processing by ProjectsController#index as HTML
  [1m[36mUser Load (0.2ms)[0m  [1m[34mSELECT "users".* FROM "users" WHERE "users"."remember_token" = ? ORDER BY "users"."id" ASC LIMIT ?[0m  [["remember_token", "288a18fbb139d5d05cee4ebee8afc39265755046"], ["LIMIT", 1]]
  Rendering projects/index.html.erb within layouts/application
  Rendered projects/index.html.erb within layouts/application (Duration: 0.5ms | Allocations: 83)
[Webpacker] Everything's up-to-date. Nothing to do
Completed 200 OK in 10ms (Views: 6.9ms | ActiveRecord: 0.2ms | Allocations: 6300)


Started GET "/" for ::1 at 2020-06-28 22:17:31 +0530
Processing by ProjectsController#index as HTML
  [1m[36mUser Load (0.3ms)[0m  [1m[34mSELECT "users".* FROM "users" WHERE "users"."remember_token" = ? ORDER BY "users"."id" ASC LIMIT ?[0m  [["remember_token", "288a18fbb139d5d05cee4ebee8afc39265755046"], ["LIMIT", 1]]
  Rendering projects/index.html.erb within layouts/application
  Rendered projects/index.html.erb within layouts/application (Duration: 0.0ms | Allocations: 5)
[Webpacker] Everything's up-to-date. Nothing to do
Completed 200 OK in 9ms (Views: 5.3ms | ActiveRecord: 0.3ms | Allocations: 5470)


Started DELETE "/sign_out" for ::1 at 2020-06-28 22:17:33 +0530
Processing by Clearance::SessionsController#destroy as HTML
  Parameters: {"authenticity_token"=>"[FILTERED]"}
  [1m[36mUser Load (0.1ms)[0m  [1m[34mSELECT "users".* FROM "users" WHERE "users"."remember_token" = ? ORDER BY "users"."id" ASC LIMIT ?[0m  [["remember_token", "288a18fbb139d5d05cee4ebee8afc39265755046"], ["LIMIT", 1]]
  [1m[35m (0.0ms)[0m  [1m[36mbegin transaction[0m
  [1m[36mUser Update (0.6ms)[0m  [1m[33mUPDATE "users" SET "remember_token" = ?, "updated_at" = ? WHERE "users"."id" = ?[0m  [["remember_token", "5d5c58565f6cb8cfff10baf51b3867605fbd6d90"], ["updated_at", "2020-06-28 16:47:33.650928"], ["id", 1]]
  [1m[35m (1.0ms)[0m  [1m[36mcommit transaction[0m
Redirected to http://localhost:3000/sign_in
Completed 302 Found in 8ms (ActiveRecord: 1.7ms | Allocations: 5704)


Started GET "/sign_in" for ::1 at 2020-06-28 22:17:33 +0530
Processing by Clearance::SessionsController#new as HTML
  Rendering /Users/praveen_arul/.rvm/gems/ruby-2.6.5/gems/clearance-2.1.0/app/views/sessions/new.html.erb within layouts/application
  Rendered /Users/praveen_arul/.rvm/gems/ruby-2.6.5/gems/clearance-2.1.0/app/views/sessions/_form.html.erb (Duration: 0.7ms | Allocations: 529)
  Rendered /Users/praveen_arul/.rvm/gems/ruby-2.6.5/gems/clearance-2.1.0/app/views/sessions/new.html.erb within layouts/application (Duration: 0.9ms | Allocations: 627)
[Webpacker] Everything's up-to-date. Nothing to do
Completed 200 OK in 7ms (Views: 6.2ms | ActiveRecord: 0.0ms | Allocations: 4590)


Started POST "/session" for ::1 at 2020-06-28 22:17:41 +0530
Processing by Clearance::SessionsController#create as HTML
  Parameters: {"authenticity_token"=>"[FILTERED]", "session"=>{"email"=>"admin@rallycorp.com", "password"=>"[FILTERED]"}, "commit"=>"Sign in"}
  [1m[36mUser Load (0.5ms)[0m  [1m[34mSELECT "users".* FROM "users" WHERE "users"."email" = ? LIMIT ?[0m  [["email", "admin@rallycorp.com"], ["LIMIT", 1]]
Redirected to http://localhost:3000/
Completed 302 Found in 219ms (ActiveRecord: 0.5ms | Allocations: 1771)


Started GET "/" for ::1 at 2020-06-28 22:17:42 +0530
Processing by ProjectsController#index as HTML
  [1m[36mUser Load (0.1ms)[0m  [1m[34mSELECT "users".* FROM "users" WHERE "users"."remember_token" = ? ORDER BY "users"."id" ASC LIMIT ?[0m  [["remember_token", "5d5c58565f6cb8cfff10baf51b3867605fbd6d90"], ["LIMIT", 1]]
  Rendering projects/index.html.erb within layouts/application
  Rendered projects/index.html.erb within layouts/application (Duration: 0.0ms | Allocations: 4)
[Webpacker] Everything's up-to-date. Nothing to do
Completed 200 OK in 7ms (Views: 5.2ms | ActiveRecord: 0.1ms | Allocations: 5452)


Started GET "/" for ::1 at 2020-06-28 22:17:46 +0530
Processing by ProjectsController#index as HTML
  [1m[36mUser Load (0.2ms)[0m  [1m[34mSELECT "users".* FROM "users" WHERE "users"."remember_token" = ? ORDER BY "users"."id" ASC LIMIT ?[0m  [["remember_token", "5d5c58565f6cb8cfff10baf51b3867605fbd6d90"], ["LIMIT", 1]]
  Rendering projects/index.html.erb within layouts/application
  Rendered projects/index.html.erb within layouts/application (Duration: 0.0ms | Allocations: 4)
[Webpacker] Everything's up-to-date. Nothing to do
Completed 200 OK in 11ms (Views: 7.8ms | ActiveRecord: 0.2ms | Allocations: 5447)


